<?xml version="1.0" encoding="UTF-8"?>
<robot generator="Robot 6.0.2 (Python 3.11.2 on win32)" generated="20230309 01:01:32.273" rpa="false" schemaversion="3">
<suite id="s1" name="Test" source="C:\Users\ARRIT\Documents\GitHub\robot\test.robot">
<test id="s1-t1" name="Enter Text Into Field" line="10">
<kw name="Open Browser" library="Selenium2Library">
<arg>${URL}</arg>
<arg>${BROWSER}</arg>
<doc>Opens a new browser instance to the optional ``url``.</doc>
<msg timestamp="20230309 01:01:32.520" level="INFO">Opening browser 'chrome' to base url 'https://aurora-front.netforce.co.th/'.</msg>
<status status="PASS" starttime="20230309 01:01:32.520" endtime="20230309 01:01:37.970"/>
</kw>
<kw name="Sleep" library="BuiltIn">
<arg>3s</arg>
<doc>Pauses the test executed for the given time.</doc>
<msg timestamp="20230309 01:01:40.971" level="INFO">Slept 3 seconds</msg>
<status status="PASS" starttime="20230309 01:01:37.971" endtime="20230309 01:01:40.971"/>
</kw>
<status status="PASS" starttime="20230309 01:01:32.519" endtime="20230309 01:01:40.972"/>
</test>
<test id="s1-t2" name="Set Input Value" line="14">
<kw name="Execute Javascript" library="Selenium2Library">
<arg>document.querySelectorAll("input[type='text']")[0].value = '3013917'</arg>
<doc>Executes the given JavaScript code with possible arguments.</doc>
<msg timestamp="20230309 01:01:40.974" level="INFO">Executing JavaScript:
document.querySelectorAll("input[type='text']")[0].value = '3013917'
Without any arguments.</msg>
<status status="PASS" starttime="20230309 01:01:40.973" endtime="20230309 01:01:40.983"/>
</kw>
<kw name="Sleep" library="BuiltIn">
<arg>3s</arg>
<doc>Pauses the test executed for the given time.</doc>
<msg timestamp="20230309 01:01:43.985" level="INFO">Slept 3 seconds</msg>
<status status="PASS" starttime="20230309 01:01:40.984" endtime="20230309 01:01:43.985"/>
</kw>
<status status="PASS" starttime="20230309 01:01:40.973" endtime="20230309 01:01:43.986"/>
</test>
<test id="s1-t3" name="Set Password Value" line="17">
<kw name="Execute Javascript" library="Selenium2Library">
<arg>document.querySelectorAll("input[type='password']")[0].value = 'Aurora123'</arg>
<doc>Executes the given JavaScript code with possible arguments.</doc>
<msg timestamp="20230309 01:01:43.989" level="INFO">Executing JavaScript:
document.querySelectorAll("input[type='password']")[0].value = 'Aurora123'
Without any arguments.</msg>
<status status="PASS" starttime="20230309 01:01:43.988" endtime="20230309 01:01:43.996"/>
</kw>
<kw name="Sleep" library="BuiltIn">
<arg>3s</arg>
<doc>Pauses the test executed for the given time.</doc>
<msg timestamp="20230309 01:01:46.997" level="INFO">Slept 3 seconds</msg>
<status status="PASS" starttime="20230309 01:01:43.997" endtime="20230309 01:01:46.997"/>
</kw>
<status status="PASS" starttime="20230309 01:01:43.987" endtime="20230309 01:01:46.999"/>
</test>
<test id="s1-t4" name="click button" line="20">
<kw name="Click Button" library="Selenium2Library">
<arg>class=btn btn-primary btn-lg</arg>
<doc>Clicks the button identified by ``locator``.</doc>
<msg timestamp="20230309 01:01:47.007" level="INFO">Clicking button 'class=btn btn-primary btn-lg'.</msg>
<msg timestamp="20230309 01:01:47.128" level="INFO" html="true">&lt;/td&gt;&lt;/tr&gt;&lt;tr&gt;&lt;td colspan="3"&gt;&lt;a href="selenium-screenshot-5.png"&gt;&lt;img src="selenium-screenshot-5.png" width="800px"&gt;&lt;/a&gt;</msg>
<msg timestamp="20230309 01:01:47.128" level="FAIL">Button with locator 'class=btn btn-primary btn-lg' not found.</msg>
<status status="FAIL" starttime="20230309 01:01:47.005" endtime="20230309 01:01:47.130"/>
</kw>
<kw name="Page Should Contain" library="Selenium2Library">
<doc>Verifies that current page contains ``text``.</doc>
<status status="NOT RUN" starttime="20230309 01:01:47.131" endtime="20230309 01:01:47.131"/>
</kw>
<status status="FAIL" starttime="20230309 01:01:47.003" endtime="20230309 01:01:47.132">Button with locator 'class=btn btn-primary btn-lg' not found.</status>
</test>
<status status="FAIL" starttime="20230309 01:01:32.274" endtime="20230309 01:01:47.135"/>
</suite>
<statistics>
<total>
<stat pass="3" fail="1" skip="0">All Tests</stat>
</total>
<tag>
</tag>
<suite>
<stat pass="3" fail="1" skip="0" id="s1" name="Test">Test</stat>
</suite>
</statistics>
<errors>
</errors>
</robot>
